*
* Visual Studio Code Server
*
* By using the software, you agree to
* the Visual Studio Code Server License Terms (https://aka.ms/vscode-server-license) and
* the Microsoft Privacy Statement (https://privacy.microsoft.com/en-US/privacystatement).
*
Server bound to 127.0.0.1:34027 (IPv4)
Extension host agent listening on 34027

[03:41:50] 




[03:41:50] Extension host agent started.
[03:41:50] [127.0.0.1][9fe1bee8][ManagementConnection] New connection established.
[03:41:50] [127.0.0.1][0dcdd378][ExtensionHostConnection] New connection established.
[03:41:50] [127.0.0.1][0dcdd378][ExtensionHostConnection] <1432> Launched Extension Host Process.
[03:45:13] [127.0.0.1][9fe1bee8][ManagementConnection] The client has disconnected gracefully, so the connection will be disposed.
[03:45:13] Error: Throttler is disposed
    at c.queue (/home/ubuntu/.vscode-server/bin/abd2f3db4bdb28f9e95536dfa84d8479f1eb312d/out/vs/server/node/server.main.js:70:13632)
    at /home/ubuntu/.vscode-server/bin/abd2f3db4bdb28f9e95536dfa84d8479f1eb312d/out/vs/server/node/server.main.js:70:15216
    at /home/ubuntu/.vscode-server/bin/abd2f3db4bdb28f9e95536dfa84d8479f1eb312d/out/vs/server/node/server.main.js:70:14852
    at runNextTicks (node:internal/process/task_queues:60:5)
    at listOnTimeout (node:internal/timers:538:9)
    at process.processTimers (node:internal/timers:512:7)
[03:45:18] [127.0.0.1][0dcdd378][ExtensionHostConnection] <1432> Extension Host Process exited with code: 0, signal: null.
Cancelling previous shutdown timeout
[03:45:18] Cancelling previous shutdown timeout
Last EH closed, waiting before shutting down
[03:45:18] Last EH closed, waiting before shutting down
Last EH closed, shutting down
[03:50:18] Last EH closed, shutting down
